Building DAG of jobs...
Using shell: /usr/bin/bash
Provided cores: 1 (use --cores to define parallelism)
Rules claiming more threads will be scaled down.
Conda environments: ignored
Job stats:
job                    count
-------------------  -------
all                        1
build_genome_index         1
mapping_and_sorting        3
pca                        1
pileup_and_vcf             1
total                      7

Select jobs to execute...

[Mon Jan  8 12:49:39 2024]
Job 3: Building genome index with bwa-mem2 index
Reason: Missing output files: index_chkp

[Mon Jan  8 12:49:39 2024]
Error in rule build_genome_index:
    jobid: 3
    input: genome.fasta
    output: index_chkp
    conda-env: /home/jason/bin/BiS/workflow/.snakemake/conda/2a309b4a53f987954b48db98067fdbb6_
    shell:
         bwa-mem2 index -a bwtsw -@ 1 genome.fasta && touch index_chkp 
        (one of the commands exited with non-zero exit code; note that snakemake uses bash strict mode!)

Shutting down, this might take some time.
Exiting because a job execution failed. Look above for error message
Complete log: .snakemake/log/2024-01-08T124939.735278.snakemake.log
